<?xml version="1.0" encoding="UTF-8"?>
<!-- Generated by org.testng.reporters.JUnitReportReporter -->
<testsuite hostname="LAPTOP-80ILKSPS" name="com.BDD_Framework_LinkedIn.LinkedInFramework.runner.LinkedInSignInrunner" tests="2" failures="0" timestamp="29 Mar 2018 01:11:31 GMT" time="0.032" errors="0">
  <testcase name="runScenario" time="0.023" classname="com.BDD_Framework_LinkedIn.LinkedInFramework.runner.LinkedInSignInrunner"/>
  <testcase name="runScenario" time="0.009" classname="com.BDD_Framework_LinkedIn.LinkedInFramework.runner.LinkedInSignInrunner"/>
</testsuite> <!-- com.BDD_Framework_LinkedIn.LinkedInFramework.runner.LinkedInSignInrunner -->
