<?xml version="1.0" encoding="UTF-8"?>
<!-- Generated by org.testng.reporters.JUnitReportReporter -->
<testsuite hostname="LAPTOP-80ILKSPS" name="com.BDD_Framework_LinkedIn.LinkedInFramework.runner.LinkedInSignIn" tests="2" failures="0" timestamp="29 Mar 2018 00:55:18 GMT" time="0.036" errors="0">
  <testcase name="runScenario" time="0.021" classname="com.BDD_Framework_LinkedIn.LinkedInFramework.runner.LinkedInSignIn"/>
  <testcase name="runScenario" time="0.015" classname="com.BDD_Framework_LinkedIn.LinkedInFramework.runner.LinkedInSignIn"/>
</testsuite> <!-- com.BDD_Framework_LinkedIn.LinkedInFramework.runner.LinkedInSignIn -->
